<?xml version="1.0" encoding="UTF-8"?>
<testng-results skipped="0" failed="0" ignored="0" total="1" passed="1">
  <reporter-output>
  </reporter-output>
  <suite name="Suite" duration-ms="13110" started-at="2018-08-03T14:06:20Z" finished-at="2018-08-03T14:06:33Z">
    <groups>
    </groups>
    <test name="Test" duration-ms="13110" started-at="2018-08-03T14:06:20Z" finished-at="2018-08-03T14:06:33Z">
      <class name="scripts.RunningShoesAdd">
        <test-method status="PASS" signature="openAppln()[pri:0, instance:scripts.RunningShoesAdd@52f759d7]" name="openAppln" is-config="true" duration-ms="12350" started-at="2018-08-03T14:06:20Z" finished-at="2018-08-03T14:06:33Z">
          <reporter-output>
          </reporter-output>
        </test-method> <!-- openAppln -->
        <test-method status="PASS" signature="TC1()[pri:0, instance:scripts.RunningShoesAdd@52f759d7]" name="TC1" duration-ms="55" started-at="2018-08-03T14:06:33Z" finished-at="2018-08-03T14:06:33Z">
          <reporter-output>
          </reporter-output>
        </test-method> <!-- TC1 -->
        <test-method status="PASS" signature="closeAppln()[pri:0, instance:scripts.RunningShoesAdd@52f759d7]" name="closeAppln" is-config="true" duration-ms="672" started-at="2018-08-03T14:06:33Z" finished-at="2018-08-03T14:06:33Z">
          <reporter-output>
          </reporter-output>
        </test-method> <!-- closeAppln -->
      </class> <!-- scripts.RunningShoesAdd -->
    </test> <!-- Test -->
  </suite> <!-- Suite -->
</testng-results>
